{"uuid":"0b96ae98-454a-4bfe-8c80-d3675afeb04e","historyId":"fee9a702de6abdc0ce54b6d1ced497fc","fullName":"com.test.shaft.FindTransactionsTest.FindTransactions","labels":[{"name":"package","value":"com.test.shaft.FindTransactionsTest"},{"name":"testClass","value":"com.test.shaft.FindTransactionsTest"},{"name":"testMethod","value":"FindTransactions"},{"name":"parentSuite","value":"Default Suite"},{"name":"suite","value":"TestEngine"},{"name":"subSuite","value":"com.test.shaft.FindTransactionsTest"},{"name":"host","value":"DESKTOP-CLNVUFA"},{"name":"thread","value":"9332@DESKTOP-CLNVUFA.main(1)"},{"name":"framework","value":"testng"},{"name":"language","value":"java"}],"links":[],"name":"FindTransactions","status":"broken","statusDetails":{"known":false,"muted":false,"flaky":false,"message":"Root cause: \"org.openqa.selenium.ElementNotInteractableException: element not interactable\"","trace":"java.lang.RuntimeException: Root cause: \"org.openqa.selenium.ElementNotInteractableException: element not interactable\"\r\n\tat com.shaft.gui.element.internal.Actions.report(Actions.java:622)\r\n\tat com.shaft.gui.element.internal.Actions.reportBroken(Actions.java:571)\r\n\tat com.shaft.gui.element.internal.Actions.performAction(Actions.java:338)\r\n\tat com.shaft.gui.element.internal.Actions.click(Actions.java:81)\r\n\tat com.test.shaft.FindTransactionsTest.FindTransactions(FindTransactionsTest.java:52)\r\n\tat java.base/jdk.internal.reflect.DirectMethodHandleAccessor.invoke(DirectMethodHandleAccessor.java:103)\r\n\tat java.base/java.lang.reflect.Method.invoke(Method.java:580)\r\n\tat org.testng.internal.invokers.MethodInvocationHelper.invokeMethod(MethodInvocationHelper.java:141)\r\n\tat org.testng.internal.invokers.TestInvoker.invokeMethod(TestInvoker.java:687)\r\n\tat org.testng.internal.invokers.TestInvoker.invokeTestMethod(TestInvoker.java:230)\r\n\tat org.testng.internal.invokers.MethodRunner.runInSequence(MethodRunner.java:63)\r\n\tat org.testng.internal.invokers.TestInvoker$MethodInvocationAgent.invoke(TestInvoker.java:995)\r\n\tat org.testng.internal.invokers.TestInvoker.invokeTestMethods(TestInvoker.java:203)\r\n\tat org.testng.internal.invokers.TestMethodWorker.invokeTestMethods(TestMethodWorker.java:154)\r\n\tat org.testng.internal.invokers.TestMethodWorker.run(TestMethodWorker.java:134)\r\n\tat java.base/java.util.ArrayList.forEach(ArrayList.java:1597)\r\n\tat org.testng.TestRunner.privateRun(TestRunner.java:741)\r\n\tat org.testng.TestRunner.run(TestRunner.java:616)\r\n\tat org.testng.SuiteRunner.runTest(SuiteRunner.java:421)\r\n\tat org.testng.SuiteRunner.runSequentially(SuiteRunner.java:413)\r\n\tat org.testng.SuiteRunner.privateRun(SuiteRunner.java:373)\r\n\tat org.testng.SuiteRunner.run(SuiteRunner.java:312)\r\n\tat org.testng.SuiteRunnerWorker.runSuite(SuiteRunnerWorker.java:52)\r\n\tat org.testng.SuiteRunnerWorker.run(SuiteRunnerWorker.java:95)\r\n\tat org.testng.TestNG.runSuitesSequentially(TestNG.java:1274)\r\n\tat org.testng.TestNG.runSuitesLocally(TestNG.java:1208)\r\n\tat org.testng.TestNG.runSuites(TestNG.java:1112)\r\n\tat org.testng.TestNG.run(TestNG.java:1079)\r\n\tat com.intellij.rt.testng.IDEARemoteTestNG.run(IDEARemoteTestNG.java:65)\r\n\tat com.intellij.rt.testng.RemoteTestNGStarter.main(RemoteTestNGStarter.java:105)\r\nCaused by: java.lang.RuntimeException: Root cause: \"org.openqa.selenium.ElementNotInteractableException: element not interactable\"\r\n\tat com.shaft.gui.element.internal.Actions.report(Actions.java:622)\r\n\tat com.shaft.gui.element.internal.Actions.reportBroken(Actions.java:571)\r\n\tat com.shaft.gui.element.internal.Actions.performAction(Actions.java:334)\r\n\t... 27 more\r\n\tSuppressed: org.openqa.selenium.TimeoutException: Expected condition failed: waiting for com.shaft.gui.element.internal.Actions$$Lambda/0x0000022481814698@1c61011b (tried for 10 second(s) with 100 milliseconds interval)\r\n\t\tat org.openqa.selenium.support.ui.FluentWait.timeoutException(FluentWait.java:265)\r\n\t\tat org.openqa.selenium.support.ui.FluentWait.until(FluentWait.java:228)\r\n\t\tat com.shaft.gui.element.internal.Actions.performAction(Actions.java:192)\r\n\t\t... 27 more\r\n\tCaused by: org.openqa.selenium.ElementNotInteractableException: element not interactable\n  (Session info: chrome=135.0.7049.115)\nBuild info: version: '4.29.0', revision: '5fc1ec94cb'\nSystem info: os.name: 'Windows 10', os.arch: 'amd64', os.version: '10.0', java.version: '23.0.1'\nDriver info: org.openqa.selenium.chrome.ChromeDriver\nCommand: [c3b5f74ea8553e8efc53d9b1ca8a60ce, clickElement {id=f.8A9B645A560F970D701A0289E74B2021.d.A794FA282EF5694AE3F75DE2CAC348BB.e.449}]\nCapabilities {acceptInsecureCerts: true, browserName: chrome, browserVersion: 135.0.7049.115, chrome: {chromedriverVersion: 135.0.7049.114 (63fd8a7d9d0..., userDataDir: C:\\Users\\HP\\AppData\\Local\\T...}, fedcm:accounts: true, goog:chromeOptions: {debuggerAddress: localhost:49223}, networkConnectionEnabled: false, pageLoadStrategy: none, platformName: windows, proxy: Proxy(), se:cdp: ws://localhost:49223/devtoo..., se:cdpVersion: 135.0.7049.115, setWindowRect: true, strictFileInteractability: false, timeouts: {implicit: 0, pageLoad: 30000, script: 30000}, unhandledPromptBehavior: ignore, webSocketUrl: ws://localhost:16052/sessio..., webauthn:extension:credBlob: true, webauthn:extension:largeBlob: true, webauthn:extension:minPinLength: true, webauthn:extension:prf: true, webauthn:virtualAuthenticators: true}\nElement: [[ChromeDriver: chrome on windows (c3b5f74ea8553e8efc53d9b1ca8a60ce)] -> id: findByDate]\nSession ID: c3b5f74ea8553e8efc53d9b1ca8a60ce\r\n\t\tat java.base/jdk.internal.reflect.DirectConstructorHandleAccessor.newInstance(DirectConstructorHandleAccessor.java:62)\r\n\t\tat java.base/java.lang.reflect.Constructor.newInstanceWithCaller(Constructor.java:501)\r\n\t\tat java.base/java.lang.reflect.Constructor.newInstance(Constructor.java:485)\r\n\t\tat org.openqa.selenium.remote.ErrorCodec.decode(ErrorCodec.java:167)\r\n\t\tat org.openqa.selenium.remote.codec.w3c.W3CHttpResponseCodec.decode(W3CHttpResponseCodec.java:138)\r\n\t\tat org.openqa.selenium.remote.codec.w3c.W3CHttpResponseCodec.decode(W3CHttpResponseCodec.java:50)\r\n\t\tat org.openqa.selenium.remote.HttpCommandExecutor.execute(HttpCommandExecutor.java:215)\r\n\t\tat org.openqa.selenium.remote.service.DriverCommandExecutor.invokeExecute(DriverCommandExecutor.java:216)\r\n\t\tat org.openqa.selenium.remote.service.DriverCommandExecutor.execute(DriverCommandExecutor.java:174)\r\n\t\tat org.openqa.selenium.remote.RemoteWebDriver.execute(RemoteWebDriver.java:545)\r\n\t\tat org.openqa.selenium.remote.RemoteWebElement.execute(RemoteWebElement.java:223)\r\n\t\tat org.openqa.selenium.remote.RemoteWebElement.click(RemoteWebElement.java:76)\r\n\t\tat com.shaft.gui.element.internal.Actions.lambda$performAction$1(Actions.java:253)\r\n\t\tat org.openqa.selenium.support.ui.FluentWait.until(FluentWait.java:203)\r\n\t\t... 28 more\r\nCaused by: [CIRCULAR REFERENCE: org.openqa.selenium.TimeoutException: Expected condition failed: waiting for com.shaft.gui.element.internal.Actions$$Lambda/0x0000022481814698@1c61011b (tried for 10 second(s) with 100 milliseconds interval)]\r\n"},"stage":"finished","steps":[{"name":"Successfully Opened: \"Windows | Chrome\".","status":"passed","stage":"finished","steps":[],"attachments":[],"parameters":[],"start":1746115604779,"stop":1746115604782},{"name":"Navigate to url \"https://parabank.parasoft.com/parabank/index.htm\".","status":"passed","stage":"finished","steps":[],"attachments":[],"parameters":[],"start":1746115615487,"stop":1746115615488},{"name":"Type \"By.name: username\"","status":"passed","stage":"finished","steps":[],"attachments":[],"parameters":[{"name":"locator","value":"By.name: username"},{"name":"text","value":"[john]"}],"start":1746115617281,"stop":1746115617826},{"name":"Type \"By.name: password\"","status":"passed","stage":"finished","steps":[],"attachments":[],"parameters":[{"name":"locator","value":"By.name: password"},{"name":"text","value":"[demo]"}],"start":1746115617832,"stop":1746115618194},{"name":"Click \"Log In\"","status":"passed","stage":"finished","steps":[],"attachments":[],"parameters":[{"name":"locator","value":"By.xpath: //input[@value='Log In']"}],"start":1746115618201,"stop":1746115618494},{"name":"Click \"Find Transactions\"","status":"passed","stage":"finished","steps":[],"attachments":[],"parameters":[{"name":"locator","value":"By.linkText: Find Transactions"}],"start":1746115620764,"stop":1746115620975},{"name":"Select \"13344\" from \"By.id: accountId\".","status":"passed","stage":"finished","steps":[],"attachments":[],"parameters":[],"start":1746115622365,"stop":1746115622365},{"name":"Type \"By.id: transactionId\"","status":"passed","stage":"finished","steps":[],"attachments":[],"parameters":[{"name":"locator","value":"By.id: transactionId"},{"name":"text","value":"[12345]"}],"start":1746115622367,"stop":1746115622530},{"name":"Click \"FIND TRANSACTIONS\"","status":"passed","stage":"finished","steps":[],"attachments":[],"parameters":[{"name":"locator","value":"By.id: findById"}],"start":1746115622532,"stop":1746115622678},{"name":"Type \"By.id: transactionDate\"","status":"passed","stage":"finished","steps":[],"attachments":[],"parameters":[{"name":"locator","value":"By.id: transactionDate"},{"name":"text","value":"[05-05-2024]"}],"start":1746115622681,"stop":1746115622858},{"name":"Click \"FIND TRANSACTIONS\" Broken","status":"broken","statusDetails":{"known":false,"muted":false,"flaky":false,"message":"Root cause: \"org.openqa.selenium.ElementNotInteractableException: element not interactable\"","trace":"java.lang.RuntimeException: Root cause: \"org.openqa.selenium.ElementNotInteractableException: element not interactable\"\r\n\tat com.shaft.gui.element.internal.Actions.report(Actions.java:622)\r\n\tat com.shaft.gui.element.internal.Actions.reportBroken(Actions.java:571)\r\n\tat com.shaft.gui.element.internal.Actions.performAction(Actions.java:338)\r\n\tat com.shaft.gui.element.internal.Actions.click(Actions.java:81)\r\n\tat com.test.shaft.FindTransactionsTest.FindTransactions(FindTransactionsTest.java:52)\r\n\tat java.base/jdk.internal.reflect.DirectMethodHandleAccessor.invoke(DirectMethodHandleAccessor.java:103)\r\n\tat java.base/java.lang.reflect.Method.invoke(Method.java:580)\r\n\tat org.testng.internal.invokers.MethodInvocationHelper.invokeMethod(MethodInvocationHelper.java:141)\r\n\tat org.testng.internal.invokers.TestInvoker.invokeMethod(TestInvoker.java:687)\r\n\tat org.testng.internal.invokers.TestInvoker.invokeTestMethod(TestInvoker.java:230)\r\n\tat org.testng.internal.invokers.MethodRunner.runInSequence(MethodRunner.java:63)\r\n\tat org.testng.internal.invokers.TestInvoker$MethodInvocationAgent.invoke(TestInvoker.java:995)\r\n\tat org.testng.internal.invokers.TestInvoker.invokeTestMethods(TestInvoker.java:203)\r\n\tat org.testng.internal.invokers.TestMethodWorker.invokeTestMethods(TestMethodWorker.java:154)\r\n\tat org.testng.internal.invokers.TestMethodWorker.run(TestMethodWorker.java:134)\r\n\tat java.base/java.util.ArrayList.forEach(ArrayList.java:1597)\r\n\tat org.testng.TestRunner.privateRun(TestRunner.java:741)\r\n\tat org.testng.TestRunner.run(TestRunner.java:616)\r\n\tat org.testng.SuiteRunner.runTest(SuiteRunner.java:421)\r\n\tat org.testng.SuiteRunner.runSequentially(SuiteRunner.java:413)\r\n\tat org.testng.SuiteRunner.privateRun(SuiteRunner.java:373)\r\n\tat org.testng.SuiteRunner.run(SuiteRunner.java:312)\r\n\tat org.testng.SuiteRunnerWorker.runSuite(SuiteRunnerWorker.java:52)\r\n\tat org.testng.SuiteRunnerWorker.run(SuiteRunnerWorker.java:95)\r\n\tat org.testng.TestNG.runSuitesSequentially(TestNG.java:1274)\r\n\tat org.testng.TestNG.runSuitesLocally(TestNG.java:1208)\r\n\tat org.testng.TestNG.runSuites(TestNG.java:1112)\r\n\tat org.testng.TestNG.run(TestNG.java:1079)\r\n\tat com.intellij.rt.testng.IDEARemoteTestNG.run(IDEARemoteTestNG.java:65)\r\n\tat com.intellij.rt.testng.RemoteTestNGStarter.main(RemoteTestNGStarter.java:105)\r\nCaused by: java.lang.RuntimeException: Root cause: \"org.openqa.selenium.ElementNotInteractableException: element not interactable\"\r\n\tat com.shaft.gui.element.internal.Actions.report(Actions.java:622)\r\n\tat com.shaft.gui.element.internal.Actions.reportBroken(Actions.java:571)\r\n\tat com.shaft.gui.element.internal.Actions.performAction(Actions.java:334)\r\n\t... 27 more\r\n\tSuppressed: org.openqa.selenium.TimeoutException: Expected condition failed: waiting for com.shaft.gui.element.internal.Actions$$Lambda/0x0000022481814698@1c61011b (tried for 10 second(s) with 100 milliseconds interval)\r\n\t\tat org.openqa.selenium.support.ui.FluentWait.timeoutException(FluentWait.java:265)\r\n\t\tat org.openqa.selenium.support.ui.FluentWait.until(FluentWait.java:228)\r\n\t\tat com.shaft.gui.element.internal.Actions.performAction(Actions.java:192)\r\n\t\t... 27 more\r\n\tCaused by: org.openqa.selenium.ElementNotInteractableException: element not interactable\n  (Session info: chrome=135.0.7049.115)\nBuild info: version: '4.29.0', revision: '5fc1ec94cb'\nSystem info: os.name: 'Windows 10', os.arch: 'amd64', os.version: '10.0', java.version: '23.0.1'\nDriver info: org.openqa.selenium.chrome.ChromeDriver\nCommand: [c3b5f74ea8553e8efc53d9b1ca8a60ce, clickElement {id=f.8A9B645A560F970D701A0289E74B2021.d.A794FA282EF5694AE3F75DE2CAC348BB.e.449}]\nCapabilities {acceptInsecureCerts: true, browserName: chrome, browserVersion: 135.0.7049.115, chrome: {chromedriverVersion: 135.0.7049.114 (63fd8a7d9d0..., userDataDir: C:\\Users\\HP\\AppData\\Local\\T...}, fedcm:accounts: true, goog:chromeOptions: {debuggerAddress: localhost:49223}, networkConnectionEnabled: false, pageLoadStrategy: none, platformName: windows, proxy: Proxy(), se:cdp: ws://localhost:49223/devtoo..., se:cdpVersion: 135.0.7049.115, setWindowRect: true, strictFileInteractability: false, timeouts: {implicit: 0, pageLoad: 30000, script: 30000}, unhandledPromptBehavior: ignore, webSocketUrl: ws://localhost:16052/sessio..., webauthn:extension:credBlob: true, webauthn:extension:largeBlob: true, webauthn:extension:minPinLength: true, webauthn:extension:prf: true, webauthn:virtualAuthenticators: true}\nElement: [[ChromeDriver: chrome on windows (c3b5f74ea8553e8efc53d9b1ca8a60ce)] -> id: findByDate]\nSession ID: c3b5f74ea8553e8efc53d9b1ca8a60ce\r\n\t\tat java.base/jdk.internal.reflect.DirectConstructorHandleAccessor.newInstance(DirectConstructorHandleAccessor.java:62)\r\n\t\tat java.base/java.lang.reflect.Constructor.newInstanceWithCaller(Constructor.java:501)\r\n\t\tat java.base/java.lang.reflect.Constructor.newInstance(Constructor.java:485)\r\n\t\tat org.openqa.selenium.remote.ErrorCodec.decode(ErrorCodec.java:167)\r\n\t\tat org.openqa.selenium.remote.codec.w3c.W3CHttpResponseCodec.decode(W3CHttpResponseCodec.java:138)\r\n\t\tat org.openqa.selenium.remote.codec.w3c.W3CHttpResponseCodec.decode(W3CHttpResponseCodec.java:50)\r\n\t\tat org.openqa.selenium.remote.HttpCommandExecutor.execute(HttpCommandExecutor.java:215)\r\n\t\tat org.openqa.selenium.remote.service.DriverCommandExecutor.invokeExecute(DriverCommandExecutor.java:216)\r\n\t\tat org.openqa.selenium.remote.service.DriverCommandExecutor.execute(DriverCommandExecutor.java:174)\r\n\t\tat org.openqa.selenium.remote.RemoteWebDriver.execute(RemoteWebDriver.java:545)\r\n\t\tat org.openqa.selenium.remote.RemoteWebElement.execute(RemoteWebElement.java:223)\r\n\t\tat org.openqa.selenium.remote.RemoteWebElement.click(RemoteWebElement.java:76)\r\n\t\tat com.shaft.gui.element.internal.Actions.lambda$performAction$1(Actions.java:253)\r\n\t\tat org.openqa.selenium.support.ui.FluentWait.until(FluentWait.java:203)\r\n\t\t... 28 more\r\nCaused by: [CIRCULAR REFERENCE: org.openqa.selenium.TimeoutException: Expected condition failed: waiting for com.shaft.gui.element.internal.Actions$$Lambda/0x0000022481814698@1c61011b (tried for 10 second(s) with 100 milliseconds interval)]\r\n"},"stage":"finished","steps":[],"attachments":[{"name":"20250501_190722_Click_FIND_TRANSACTIONS","source":"22aa9a20-6561-497f-8b98-9238a74dcab6-attachment.png","type":"image/png"},{"name":"20250501_190722_Click_FIND_TRANSACTIONS","source":"ea40525b-7e4c-4ec8-8f23-77fa80cb8ad0-attachment.png","type":"image/png"}],"parameters":[{"name":"locator","value":"By.id: findByDate"}],"start":1746115622860,"stop":1746115642443}],"attachments":[{"name":"SHAFT Engine Logs - Current Method log: FindTransactions","source":"9a3755c4-6e40-4cd3-97d8-d52921f1c4b1-attachment.txt","type":"text/plain"}],"parameters":[],"start":1746115533728,"stop":1746115642472}